<?xml version="1.0" encoding="UTF-8"?>
<!-- Generated by org.testng.reporters.JUnitReportReporter -->
<testsuite hostname="DESKTOP-A15AP0F" name="Academy.HomePage" tests="2" failures="0" timestamp="10 Mar 2021 15:42:50 GMT" time="46.829" errors="0">
  <testcase name="HomePage" time="36.417" classname="Academy.HomePage"/>
  <testcase name="HomePage" time="10.412" classname="Academy.HomePage"/>
</testsuite> <!-- Academy.HomePage -->
