<?xml version="1.0" encoding="UTF-8"?>
<!-- Generated by org.testng.reporters.JUnitReportReporter -->
<testsuite hostname="DESKTOP-A15AP0F" name="Academy.ValidateNavigationBar" tests="1" failures="0" timestamp="10 Mar 2021 15:42:50 GMT" time="0.264" errors="0">
  <testcase name="ValidateNavigationBar" time="0.264" classname="Academy.ValidateNavigationBar"/>
</testsuite> <!-- Academy.ValidateNavigationBar -->
