<?xml version="1.0" encoding="UTF-8"?>
<!-- Generated by org.testng.reporters.JUnitReportReporter -->
<testsuite hostname="DESKTOP-A15AP0F" name="chromeOptions.TestRunner" tests="1" failures="0" timestamp="13 Mar 2021 13:06:57 GMT" time="68.136" errors="0">
  <testcase name="feature" time="68.136" classname="chromeOptions.TestRunner"/>
</testsuite> <!-- chromeOptions.TestRunner -->
