<?xml version="1.0" encoding="UTF-8"?>
<!-- Generated by org.testng.reporters.JUnitReportReporter -->
<testsuite hostname="DESKTOP-A15AP0F" name="Academy.HomePage" tests="2" failures="0" timestamp="27 Sep 2020 12:33:09 GMT" time="18.046" errors="0">
  <testcase name="HomePage" time="13.119" classname="Academy.HomePage"/>
  <testcase name="HomePage" time="4.927" classname="Academy.HomePage"/>
</testsuite> <!-- Academy.HomePage -->
