<?xml version="1.0" encoding="UTF-8"?>
<!-- Generated by org.testng.reporters.JUnitReportReporter -->
<testsuite hostname="DESKTOP-A15AP0F" name="Academy.ValidateNavigationBar" tests="1" failures="0" timestamp="27 Sep 2020 12:33:08 GMT" time="0.406" errors="0">
  <testcase name="ValidateNavigationBar" time="0.406" classname="Academy.ValidateNavigationBar"/>
</testsuite> <!-- Academy.ValidateNavigationBar -->
